<?xml version="1.0" encoding="UTF-8"?>
<robot generator="Robot 5.0 (Python 3.9.2 on win32)" generated="20220804 23:33:33.771" rpa="false" schemaversion="3">
<suite id="s1" name="Tests" source="C:\Users\LakshmiYadav\IdeaProjects\RobotFramework\tests">
<suite id="s1-s1" name="testDemo3" source="C:\Users\LakshmiYadav\IdeaProjects\RobotFramework\tests\testDemo3.robot">
<test id="s1-s1-t1" name="Validate cards display in the Shopping Page" line="25">
<kw name="Open the browser with Mortage page" library="Generic" type="SETUP">
<arg>Chrome</arg>
<kw name="Create Webdriver" library="Selenium2Library">
<arg>${browser_name}</arg>
<arg>executable_path=C://Users//LakshmiYadav//IdeaProjects//RobotFramework//tests//resources//${browser_name}</arg>
<doc>Creates an instance of Selenium WebDriver.</doc>
<msg timestamp="20220804 23:33:34.013" level="INFO">Creating an instance of the Chrome WebDriver.</msg>
<status status="PASS" starttime="20220804 23:33:34.013" endtime="20220804 23:33:35.313"/>
</kw>
<kw name="Go To" library="Selenium2Library">
<arg>${url}</arg>
<doc>Navigates the current browser window to the provided ``url``.</doc>
<msg timestamp="20220804 23:33:35.313" level="INFO">Opening url 'https://rahulshettyacademy.com/loginpagePractise/'</msg>
<status status="PASS" starttime="20220804 23:33:35.313" endtime="20220804 23:33:35.808"/>
</kw>
<status status="PASS" starttime="20220804 23:33:34.013" endtime="20220804 23:33:35.808"/>
</kw>
<kw name="Fill the login form" library="LandingPage">
<arg>${Validusername}</arg>
<arg>${Valid_password}</arg>
<kw name="Input Text" library="Selenium2Library">
<arg>id:username</arg>
<arg>${user_name}</arg>
<doc>Types the given ``text`` into the text field identified by ``locator``.</doc>
<msg timestamp="20220804 23:33:35.811" level="INFO">Typing text 'rahulshettyacademy' into text field 'id:username'.</msg>
<status status="PASS" starttime="20220804 23:33:35.810" endtime="20220804 23:33:35.932"/>
</kw>
<kw name="Input Password" library="Selenium2Library">
<arg>id:password</arg>
<arg>${password1}</arg>
<doc>Types the given password into the text field identified by ``locator``.</doc>
<msg timestamp="20220804 23:33:35.933" level="INFO">Typing password into text field 'id:password'.</msg>
<msg timestamp="20220804 23:33:35.997" level="INFO">Temporally setting log level to: NONE</msg>
<msg timestamp="20220804 23:33:36.050" level="INFO">Log level changed from NONE to INFO.</msg>
<status status="PASS" starttime="20220804 23:33:35.932" endtime="20220804 23:33:36.050"/>
</kw>
<kw name="Click Button" library="Selenium2Library">
<arg>id:signInBtn</arg>
<doc>Clicks the button identified by ``locator``.</doc>
<msg timestamp="20220804 23:33:36.051" level="INFO">Clicking button 'id:signInBtn'.</msg>
<status status="PASS" starttime="20220804 23:33:36.051" endtime="20220804 23:33:36.109"/>
</kw>
<status status="PASS" starttime="20220804 23:33:35.809" endtime="20220804 23:33:36.109"/>
</kw>
<kw name="wait Until Element is located in page" library="ShopPage">
<kw name="wait until element passed is Located in page" library="Generic">
<arg>${shop_page_load}</arg>
<kw name="Wait Until Element Is Visible" library="Selenium2Library">
<arg>${page_locator}</arg>
<doc>Waits until the element ``locator`` is visible.</doc>
<status status="PASS" starttime="20220804 23:33:36.112" endtime="20220804 23:33:39.355"/>
</kw>
<status status="PASS" starttime="20220804 23:33:36.111" endtime="20220804 23:33:39.355"/>
</kw>
<status status="PASS" starttime="20220804 23:33:36.110" endtime="20220804 23:33:39.356"/>
</kw>
<kw name="Add Items To Cart And Checkout" library="Shop">
<arg>${listofProducts}</arg>
<msg timestamp="20220804 23:33:39.396" level="INFO">Clicking button 'xpath:(//*[@class='card-footer'])[3]/button'.</msg>
<msg timestamp="20220804 23:33:39.478" level="INFO">Clicking button 'xpath:(//*[@class='card-footer'])[4]/button'.</msg>
<msg timestamp="20220804 23:33:39.547" level="INFO">Clicking link 'css:li.active a'.</msg>
<status status="PASS" starttime="20220804 23:33:39.356" endtime="20220804 23:33:39.619"/>
</kw>
<kw name="Verify the checkoutItem on checkoutpage and proceed" library="CheckoutPage">
<kw name="Click Button" library="Selenium2Library">
<arg>css:.btn-success</arg>
<doc>Clicks the button identified by ``locator``.</doc>
<msg timestamp="20220804 23:33:39.621" level="INFO">Clicking button 'css:.btn-success'.</msg>
<status status="PASS" starttime="20220804 23:33:39.620" endtime="20220804 23:33:39.688"/>
</kw>
<status status="PASS" starttime="20220804 23:33:39.620" endtime="20220804 23:33:39.688"/>
</kw>
<kw name="Enter the country name and select terms&amp;condition" library="ConfirmationPage">
<arg>${country}</arg>
<kw name="Input Text" library="Selenium2Library">
<arg>id:country</arg>
<arg>${country}</arg>
<doc>Types the given ``text`` into the text field identified by ``locator``.</doc>
<msg timestamp="20220804 23:33:39.689" level="INFO">Typing text 'SWISS' into text field 'id:country'.</msg>
<status status="PASS" starttime="20220804 23:33:39.689" endtime="20220804 23:33:39.812"/>
</kw>
<kw name="wait until element passed is Located in page" library="Generic">
<arg>xpath://a[text()='${country}']</arg>
<kw name="Wait Until Element Is Visible" library="Selenium2Library">
<arg>${page_locator}</arg>
<doc>Waits until the element ``locator`` is visible.</doc>
<msg timestamp="20220804 23:33:44.958" level="INFO" html="true">&lt;/td&gt;&lt;/tr&gt;&lt;tr&gt;&lt;td colspan="3"&gt;&lt;a href="selenium-screenshot-57.png"&gt;&lt;img src="selenium-screenshot-57.png" width="800px"&gt;&lt;/a&gt;</msg>
<msg timestamp="20220804 23:33:44.959" level="FAIL">Element 'xpath://a[text()='SWISS']' not visible after 5 seconds.</msg>
<status status="FAIL" starttime="20220804 23:33:39.813" endtime="20220804 23:33:44.960"/>
</kw>
<status status="FAIL" starttime="20220804 23:33:39.812" endtime="20220804 23:33:44.961"/>
</kw>
<kw name="Click Element" library="Selenium2Library">
<arg>xpath://a[text()='${country}']</arg>
<doc>Click the element identified by ``locator``.</doc>
<status status="NOT RUN" starttime="20220804 23:33:44.961" endtime="20220804 23:33:44.961"/>
</kw>
<kw name="Click Element" library="Selenium2Library">
<arg>css:.checkbox label</arg>
<doc>Click the element identified by ``locator``.</doc>
<status status="NOT RUN" starttime="20220804 23:33:44.961" endtime="20220804 23:33:44.961"/>
</kw>
<status status="FAIL" starttime="20220804 23:33:39.688" endtime="20220804 23:33:44.962"/>
</kw>
<kw name="Purchase the product and Confirm the Purchase" library="ConfirmationPage">
<status status="NOT RUN" starttime="20220804 23:33:44.962" endtime="20220804 23:33:44.962"/>
</kw>
<tag>REGRESSION</tag>
<tag>SMOKE</tag>
<status status="FAIL" starttime="20220804 23:33:34.012" endtime="20220804 23:33:44.963">Element 'xpath://a[text()='SWISS']' not visible after 5 seconds.</status>
</test>
<doc>To validate the Login Form</doc>
<status status="FAIL" starttime="20220804 23:33:33.795" endtime="20220804 23:33:44.964"/>
</suite>
<status status="FAIL" starttime="20220804 23:33:33.774" endtime="20220804 23:33:44.965"/>
</suite>
<statistics>
<total>
<stat pass="0" fail="1" skip="0">All Tests</stat>
</total>
<tag>
<stat pass="0" fail="1" skip="0">REGRESSION</stat>
<stat pass="0" fail="1" skip="0">SMOKE</stat>
</tag>
<suite>
<stat pass="0" fail="1" skip="0" id="s1" name="Tests">Tests</stat>
<stat pass="0" fail="1" skip="0" id="s1-s1" name="testDemo3">Tests.testDemo3</stat>
</suite>
</statistics>
<errors>
<msg timestamp="20220804 23:33:33.989" level="ERROR">Error in file 'C:\Users\LakshmiYadav\IdeaProjects\RobotFramework\PageObject\LandingPage.robot' on line 6: Setting 'Test Setup' is not allowed in resource file.</msg>
<msg timestamp="20220804 23:33:33.993" level="ERROR">Error in file 'C:\Users\LakshmiYadav\IdeaProjects\RobotFramework\PageObject\LandingPage.robot' on line 8: Resource file 'resource.robot' does not exist.</msg>
<msg timestamp="20220804 23:33:33.996" level="ERROR">Error in file 'C:\Users\LakshmiYadav\IdeaProjects\RobotFramework\PageObject\ShopPage.robot' on line 6: Setting 'Test Setup' is not allowed in resource file.</msg>
<msg timestamp="20220804 23:33:33.999" level="ERROR">Error in file 'C:\Users\LakshmiYadav\IdeaProjects\RobotFramework\PageObject\ShopPage.robot' on line 8: Resource file 'resource.robot' does not exist.</msg>
<msg timestamp="20220804 23:33:34.000" level="ERROR">Error in file 'C:\Users\LakshmiYadav\IdeaProjects\RobotFramework\PageObject\CheckoutPage.robot' on line 6: Setting 'Test Setup' is not allowed in resource file.</msg>
<msg timestamp="20220804 23:33:34.004" level="ERROR">Error in file 'C:\Users\LakshmiYadav\IdeaProjects\RobotFramework\PageObject\CheckoutPage.robot' on line 8: Resource file 'resource.robot' does not exist.</msg>
<msg timestamp="20220804 23:33:34.007" level="ERROR">Error in file 'C:\Users\LakshmiYadav\IdeaProjects\RobotFramework\PageObject\ConfirmationPage.robot' on line 6: Setting 'Test Setup' is not allowed in resource file.</msg>
<msg timestamp="20220804 23:33:34.010" level="ERROR">Error in file 'C:\Users\LakshmiYadav\IdeaProjects\RobotFramework\PageObject\ConfirmationPage.robot' on line 8: Resource file 'resource.robot' does not exist.</msg>
</errors>
</robot>
