<?xml version="1.0" encoding="UTF-8"?>
<robot generator="Robot 5.0 (Python 3.9.2 on win32)" generated="20220803 21:54:23.877" rpa="false" schemaversion="3">
<suite id="s1" name="Test1" source="C:\Users\LakshmiYadav\IdeaProjects\RobotFramework\tests\Test1.robot">
<test id="s1-t1" name="Validate succesful Login" line="19">
<kw name="Open the browser with Mortage page" library="Generic" type="SETUP">
<arg>Chrome</arg>
<kw name="Create Webdriver" library="Selenium2Library">
<arg>${browser_name}</arg>
<arg>executable_path=C://Users//LakshmiYadav//IdeaProjects//RobotFramework//tests//resources//${browser_name}</arg>
<doc>Creates an instance of Selenium WebDriver.</doc>
<msg timestamp="20220803 21:54:25.211" level="INFO">Creating an instance of the Chrome WebDriver.</msg>
<status status="PASS" starttime="20220803 21:54:25.209" endtime="20220803 21:54:32.574"/>
</kw>
<kw name="Go To" library="Selenium2Library">
<arg>${url}</arg>
<doc>Navigates the current browser window to the provided ``url``.</doc>
<msg timestamp="20220803 21:54:32.577" level="INFO">Opening url 'https://rahulshettyacademy.com/loginpagePractise/'</msg>
<status status="PASS" starttime="20220803 21:54:32.576" endtime="20220803 21:54:33.653"/>
</kw>
<status status="PASS" starttime="20220803 21:54:25.207" endtime="20220803 21:54:33.654"/>
</kw>
<kw name="Fill the login form">
<kw name="Input Text" library="Selenium2Library">
<arg>id:username</arg>
<arg>lakshmiyadav</arg>
<doc>Types the given ``text`` into the text field identified by ``locator``.</doc>
<msg timestamp="20220803 21:54:33.659" level="INFO">Typing text 'lakshmiyadav' into text field 'id:username'.</msg>
<status status="PASS" starttime="20220803 21:54:33.657" endtime="20220803 21:54:34.024"/>
</kw>
<kw name="Input Password" library="Selenium2Library">
<arg>id:password</arg>
<arg>12345677</arg>
<doc>Types the given password into the text field identified by ``locator``.</doc>
<msg timestamp="20220803 21:54:34.026" level="INFO">Typing password into text field 'id:password'.</msg>
<msg timestamp="20220803 21:54:34.148" level="INFO">Temporally setting log level to: NONE</msg>
<msg timestamp="20220803 21:54:34.254" level="INFO">Log level changed from NONE to INFO.</msg>
<status status="PASS" starttime="20220803 21:54:34.025" endtime="20220803 21:54:34.255"/>
</kw>
<kw name="Click Button" library="Selenium2Library">
<arg>id:signInBtn</arg>
<doc>Clicks the button identified by ``locator``.</doc>
<msg timestamp="20220803 21:54:34.257" level="INFO">Clicking button 'id:signInBtn'.</msg>
<status status="PASS" starttime="20220803 21:54:34.256" endtime="20220803 21:54:34.422"/>
</kw>
<status status="PASS" starttime="20220803 21:54:33.655" endtime="20220803 21:54:34.423"/>
</kw>
<kw name="wait until it checks and display error message">
<kw name="Wait Until Element Is Visible" library="Selenium2Library">
<arg>${Error_Message_Loggin}</arg>
<doc>Waits until the element ``locator`` is visible.</doc>
<status status="PASS" starttime="20220803 21:54:34.428" endtime="20220803 21:54:36.623"/>
</kw>
<status status="PASS" starttime="20220803 21:54:34.425" endtime="20220803 21:54:36.624"/>
</kw>
<kw name="verify error message is correct">
<kw name="Get Text" library="Selenium2Library">
<var>${result}</var>
<arg>${Error_Message_Loggin}</arg>
<doc>Returns the text value of the element identified by ``locator``.</doc>
<msg timestamp="20220803 21:54:36.717" level="INFO">${result} = Incorrect username/password.</msg>
<status status="PASS" starttime="20220803 21:54:36.627" endtime="20220803 21:54:36.718"/>
</kw>
<kw name="Should Be Equal As Strings" library="BuiltIn">
<arg>${result}</arg>
<arg>Incorrect useme/password.</arg>
<doc>Fails if objects are unequal after converting them to strings.</doc>
<msg timestamp="20220803 21:54:36.724" level="FAIL">Incorrect username/password. != Incorrect useme/password.</msg>
<status status="FAIL" starttime="20220803 21:54:36.719" endtime="20220803 21:54:36.725"/>
</kw>
<kw name="Element Text Should Be" library="Selenium2Library">
<arg>${Error_Message_Loggin}</arg>
<arg>Incorrect useme/password.</arg>
<doc>Verifies that element ``locator`` contains exact the text ``expected``.</doc>
<status status="NOT RUN" starttime="20220803 21:54:36.728" endtime="20220803 21:54:36.729"/>
</kw>
<status status="FAIL" starttime="20220803 21:54:36.625" endtime="20220803 21:54:36.733"/>
</kw>
<kw name="Close Browser" library="Selenium2Library" type="TEARDOWN">
<doc>Closes the current browser.</doc>
<status status="PASS" starttime="20220803 21:54:36.737" endtime="20220803 21:54:39.086"/>
</kw>
<status status="FAIL" starttime="20220803 21:54:25.204" endtime="20220803 21:54:39.087">Incorrect username/password. != Incorrect useme/password.</status>
</test>
<doc>To validate the Login Form</doc>
<status status="FAIL" starttime="20220803 21:54:23.910" endtime="20220803 21:54:39.092"/>
</suite>
<statistics>
<total>
<stat pass="0" fail="1" skip="0">All Tests</stat>
</total>
<tag>
</tag>
<suite>
<stat pass="0" fail="1" skip="0" id="s1" name="Test1">Test1</stat>
</suite>
</statistics>
<errors>
<msg timestamp="20220803 21:54:25.062" level="ERROR">Error in file 'C:\Users\LakshmiYadav\IdeaProjects\RobotFramework\PageObject\LandingPage.robot' on line 6: Setting 'Test Setup' is not allowed in resource file.</msg>
<msg timestamp="20220803 21:54:25.098" level="ERROR">Error in file 'C:\Users\LakshmiYadav\IdeaProjects\RobotFramework\PageObject\LandingPage.robot' on line 8: Resource file 'resource.robot' does not exist.</msg>
<msg timestamp="20220803 21:54:25.120" level="ERROR">Error in file 'C:\Users\LakshmiYadav\IdeaProjects\RobotFramework\PageObject\ShopPage.robot' on line 6: Setting 'Test Setup' is not allowed in resource file.</msg>
<msg timestamp="20220803 21:54:25.132" level="ERROR">Error in file 'C:\Users\LakshmiYadav\IdeaProjects\RobotFramework\PageObject\ShopPage.robot' on line 8: Resource file 'resource.robot' does not exist.</msg>
<msg timestamp="20220803 21:54:25.153" level="ERROR">Error in file 'C:\Users\LakshmiYadav\IdeaProjects\RobotFramework\PageObject\CheckoutPage.robot' on line 6: Setting 'Test Setup' is not allowed in resource file.</msg>
<msg timestamp="20220803 21:54:25.164" level="ERROR">Error in file 'C:\Users\LakshmiYadav\IdeaProjects\RobotFramework\PageObject\CheckoutPage.robot' on line 8: Resource file 'resource.robot' does not exist.</msg>
<msg timestamp="20220803 21:54:25.190" level="ERROR">Error in file 'C:\Users\LakshmiYadav\IdeaProjects\RobotFramework\PageObject\ConfirmationPage.robot' on line 6: Setting 'Test Setup' is not allowed in resource file.</msg>
<msg timestamp="20220803 21:54:25.200" level="ERROR">Error in file 'C:\Users\LakshmiYadav\IdeaProjects\RobotFramework\PageObject\ConfirmationPage.robot' on line 8: Resource file 'resource.robot' does not exist.</msg>
</errors>
</robot>
